[2023-11-30 18:23:08]
[Unsupported] Windows(R), ProfessionalEducation edition(3f1afc82-f8ac-4f6c-8005-1d233e606eee) System: 10 Education
[2023-11-30 18:23:09]
[Unsupported] Windows(R), ProfessionalWorkstation edition(82bbc092-bc50-4e16-8e18-b74fc486aec3) System: 10 Education
[2023-11-30 18:23:10]
[Unsupported] Windows(R), ServerRdsh edition(e4db50ea-bda1-4566-b047-0ca50abc6f07) System: 10 Education
[2023-11-30 18:23:11]
[Unsupported] Windows(R), ServerRdsh edition(ec868e65-fadf-4759-b23e-93fe37f2cc29) System: 10 Education
[2023-11-30 18:23:38]
Microsoft (R) Windows Script Host Version 5.812
版权所有(C) Microsoft Corporation。保留所有权利。

---Processing--------------------------
---------------------------------------
Installed product key detected - attempting to activate the following product:
SKU ID: 70d9ceb6-6dfa-4da4-b413-18c1c3c76e2e
LICENSE NAME: Office 16, Office16ProPlusR_Grace edition
LICENSE DESCRIPTION: Office 16, RETAIL(Grace) channel
Last 5 characters of installed product key: BTDRB
ERROR CODE: 0xC004F017
ERROR DESCRIPTION: The Software Licensing Service reported that the license is not installed.
---------------------------------------
Installed product key detected - attempting to activate the following product:
SKU ID: d450596f-894d-49e0-966a-fd39ed4c4c64
LICENSE NAME: Office 16, Office16ProPlusVL_KMS_Client edition
LICENSE DESCRIPTION: Office 16, VOLUME_KMSCLIENT channel
Last 5 characters of installed product key: WFG99
ERROR CODE: 0xC004F074
ERROR DESCRIPTION: The Software Licensing Service reported that the product could not be activated. No Key Management Service (KMS) could be contacted. Please see the Application Event Log for additional information.
To view the activation event history run: cscript OSPP.VBS /dhistorykms
NOTICE: A KB article has been detected for activation failure: 0xC004F074
FOR MORE INFORMATION PLEASE VISIT: https://support.microsoft.com/kb/2870357#Error0xC004F074
---------------------------------------
Installed product key detected - attempting to activate the following product:
SKU ID: de52bd50-9564-4adc-8fcb-a345c17f84f9
LICENSE NAME: Office 16, Office16ProPlusR_Retail edition
LICENSE DESCRIPTION: Office 16, RETAIL channel
Last 5 characters of installed product key: J8GDV
ERROR CODE: 0xC004C004
ERROR DESCRIPTION: The activation server determined the specified product key is invalid.
---------------------------------------
---------------------------------------
---Exiting-----------------------------

[2023-11-30 18:24:02]
Microsoft (R) Windows Script Host Version 5.812
版权所有(C) Microsoft Corporation。保留所有权利。

正在激活 Windows(R), Education edition (e0c42288-980c-4788-a014-c080d2e1926e) ...
错误: 0xC004F074 软件授权服务报告无法激活计算机。无法联系任何密钥管理服务(KMS)。有关其他信息，请参阅应用程序事件日志。



